<?xml version="1.0" encoding="UTF-8"?>
<!-- Generated by org.testng.reporters.JUnitReportReporter -->
<testsuite hostname="DESKTOP-7L3SJ9J" failures="0" tests="1" name="sampletest" time="16.642" errors="0" timestamp="2021-01-18T15:36:23 IST" skipped="0">
  <testcase classname="sampletest" name="testcase" time="16.642"/>
  <system-out/>
</testsuite> <!-- sampletest -->
