<?xml version="1.0" encoding="UTF-8"?>
<!-- Generated by org.testng.reporters.JUnitReportReporter -->
<testsuite hostname="DESKTOP-7L3SJ9J" failures="0" tests="1" name="login" time="17.803" errors="0" timestamp="2021-01-22T00:53:47 IST" skipped="0">
  <testcase classname="login" name="loginIntoFlipkart" time="17.803"/>
  <system-out/>
</testsuite> <!-- login -->
