<?xml version="1.0" encoding="UTF-8"?>
<!-- Generated by org.testng.reporters.JUnitReportReporter -->
<testsuite hostname="DESKTOP-7L3SJ9J" failures="0" tests="1" name="extentreport" time="4.239" errors="0" timestamp="2021-01-22T22:41:20 IST" skipped="0">
  <testcase classname="extentreport" name="flipkartAutomationTest1" time="4.239"/>
  <system-out/>
</testsuite> <!-- extentreport -->
