<?xml version="1.0" encoding="UTF-8"?>
<!-- Generated by org.testng.reporters.JUnitReportReporter -->
<testsuite hostname="DESKTOP-7L3SJ9J" failures="0" tests="2" name="flipkart" time="16.229" errors="0" timestamp="2021-01-22T21:50:51 IST" skipped="0">
  <testcase classname="flipkart" name="login" time="7.707"/>
  <system-out/>
  <testcase classname="flipkart" name="searching" time="8.522"/>
  <system-out/>
</testsuite> <!-- flipkart -->
